WARNING:werkzeug: * Debugger is active!
INFO:werkzeug: * Debugger PIN: 393-788-250
INFO:werkzeug:127.0.0.1 - - [01/Feb/2024 10:17:13] "GET / HTTP/1.1" 200 -
INFO:werkzeug:127.0.0.1 - - [01/Feb/2024 10:17:13] "[36mGET /static/styles.css HTTP/1.1[0m" 304 -
INFO:werkzeug:127.0.0.1 - - [01/Feb/2024 10:18:48] "GET / HTTP/1.1" 200 -
INFO:werkzeug:127.0.0.1 - - [01/Feb/2024 10:18:48] "[36mGET /static/styles.css HTTP/1.1[0m" 304 -
DEBUG:fsevents:NativeEvent(path="/Users/charlottewatson/Downloads/dashboard/.git/FETCH_HEAD", inode=17493357, flags=10400, id=19800753): is_file, is_inode_meta_mod
DEBUG:fsevents:queue_event <FileModifiedEvent: event_type=modified, src_path='/Users/charlottewatson/Downloads/dashboard/.git/FETCH_HEAD', is_directory=False>
DEBUG:fsevents:NativeEvent(path="/Users/charlottewatson/Downloads/dashboard/.git/FETCH_HEAD", inode=17493357, flags=11400, id=19800981): is_file, is_inode_meta_mod, is_modified
DEBUG:fsevents:queue_event <FileModifiedEvent: event_type=modified, src_path='/Users/charlottewatson/Downloads/dashboard/.git/FETCH_HEAD', is_directory=False>
DEBUG:fsevents:NativeEvent(path="/Users/charlottewatson/Downloads/dashboard/.git/objects/maintenance.lock", inode=17504448, flags=10300, id=19800987): is_coalesced, is_created, is_file, is_removed
DEBUG:fsevents:queue_event <FileCreatedEvent: event_type=created, src_path='/Users/charlottewatson/Downloads/dashboard/.git/objects/maintenance.lock', is_directory=False>
DEBUG:fsevents:queue_event <DirModifiedEvent: event_type=modified, src_path='/Users/charlottewatson/Downloads/dashboard/.git/objects', is_directory=True>
DEBUG:fsevents:queue_event <FileDeletedEvent: event_type=deleted, src_path='/Users/charlottewatson/Downloads/dashboard/.git/objects/maintenance.lock', is_directory=False>
DEBUG:fsevents:queue_event <DirModifiedEvent: event_type=modified, src_path='/Users/charlottewatson/Downloads/dashboard/.git/objects', is_directory=True>
DEBUG:fsevents:NativeEvent(path="/Users/charlottewatson/Downloads/dashboard/static/dashboard-js.js", inode=17504460, flags=10100, id=19801104): is_created, is_file
DEBUG:fsevents:queue_event <FileCreatedEvent: event_type=created, src_path='/Users/charlottewatson/Downloads/dashboard/static/dashboard-js.js', is_directory=False>
DEBUG:fsevents:queue_event <DirModifiedEvent: event_type=modified, src_path='/Users/charlottewatson/Downloads/dashboard/static', is_directory=True>
DEBUG:fsevents:NativeEvent(path="/Users/charlottewatson/Downloads/dashboard/static/dashboard-js.js", inode=17504460, flags=10800, id=19801750): is_file, is_renamed
DEBUG:fsevents:NativeEvent(path="/Users/charlottewatson/Downloads/dashboard/static/dashboard-script.js", inode=17504460, flags=10800, id=19801751): is_file, is_renamed
DEBUG:fsevents:Destination event for rename is NativeEvent(path="/Users/charlottewatson/Downloads/dashboard/static/dashboard-script.js", inode=17504460, flags=10800, id=19801751)
DEBUG:fsevents:queue_event <FileMovedEvent: src_path='/Users/charlottewatson/Downloads/dashboard/static/dashboard-js.js', dest_path='/Users/charlottewatson/Downloads/dashboard/static/dashboard-script.js', is_directory=False>
DEBUG:fsevents:queue_event <DirModifiedEvent: event_type=modified, src_path='/Users/charlottewatson/Downloads/dashboard/static', is_directory=True>
DEBUG:fsevents:queue_event <DirModifiedEvent: event_type=modified, src_path='/Users/charlottewatson/Downloads/dashboard/static', is_directory=True>
INFO:werkzeug:127.0.0.1 - - [01/Feb/2024 10:20:16] "GET / HTTP/1.1" 200 -
INFO:werkzeug:127.0.0.1 - - [01/Feb/2024 10:20:16] "[36mGET /static/styles.css HTTP/1.1[0m" 304 -
DEBUG:fsevents:NativeEvent(path="/Users/charlottewatson/Downloads/dashboard/.git/FETCH_HEAD", inode=17493357, flags=10400, id=19806493): is_file, is_inode_meta_mod
DEBUG:fsevents:queue_event <FileModifiedEvent: event_type=modified, src_path='/Users/charlottewatson/Downloads/dashboard/.git/FETCH_HEAD', is_directory=False>
DEBUG:fsevents:NativeEvent(path="/Users/charlottewatson/Downloads/dashboard/.git/FETCH_HEAD", inode=17493357, flags=11400, id=19806762): is_file, is_inode_meta_mod, is_modified
DEBUG:fsevents:queue_event <FileModifiedEvent: event_type=modified, src_path='/Users/charlottewatson/Downloads/dashboard/.git/FETCH_HEAD', is_directory=False>
DEBUG:fsevents:NativeEvent(path="/Users/charlottewatson/Downloads/dashboard/.git/objects/maintenance.lock", inode=17504920, flags=10300, id=19806768): is_coalesced, is_created, is_file, is_removed
DEBUG:fsevents:queue_event <FileCreatedEvent: event_type=created, src_path='/Users/charlottewatson/Downloads/dashboard/.git/objects/maintenance.lock', is_directory=False>
DEBUG:fsevents:queue_event <DirModifiedEvent: event_type=modified, src_path='/Users/charlottewatson/Downloads/dashboard/.git/objects', is_directory=True>
DEBUG:fsevents:queue_event <FileDeletedEvent: event_type=deleted, src_path='/Users/charlottewatson/Downloads/dashboard/.git/objects/maintenance.lock', is_directory=False>
DEBUG:fsevents:queue_event <DirModifiedEvent: event_type=modified, src_path='/Users/charlottewatson/Downloads/dashboard/.git/objects', is_directory=True>
INFO:werkzeug:127.0.0.1 - - [01/Feb/2024 10:23:24] "GET / HTTP/1.1" 200 -
INFO:werkzeug:127.0.0.1 - - [01/Feb/2024 10:23:24] "[36mGET /static/styles.css HTTP/1.1[0m" 304 -
INFO:werkzeug:127.0.0.1 - - [01/Feb/2024 10:24:50] "GET / HTTP/1.1" 200 -
INFO:werkzeug:127.0.0.1 - - [01/Feb/2024 10:24:50] "[36mGET /static/styles.css HTTP/1.1[0m" 304 -
DEBUG:fsevents:NativeEvent(path="/Users/charlottewatson/Downloads/dashboard/.git/FETCH_HEAD", inode=17493357, flags=10400, id=19836877): is_file, is_inode_meta_mod
DEBUG:fsevents:queue_event <FileModifiedEvent: event_type=modified, src_path='/Users/charlottewatson/Downloads/dashboard/.git/FETCH_HEAD', is_directory=False>
DEBUG:fsevents:NativeEvent(path="/Users/charlottewatson/Downloads/dashboard/.git/FETCH_HEAD", inode=17493357, flags=11400, id=19836880): is_file, is_inode_meta_mod, is_modified
DEBUG:fsevents:queue_event <FileModifiedEvent: event_type=modified, src_path='/Users/charlottewatson/Downloads/dashboard/.git/FETCH_HEAD', is_directory=False>
DEBUG:fsevents:NativeEvent(path="/Users/charlottewatson/Downloads/dashboard/.git/objects/maintenance.lock", inode=17505365, flags=10300, id=19836886): is_coalesced, is_created, is_file, is_removed
DEBUG:fsevents:queue_event <FileCreatedEvent: event_type=created, src_path='/Users/charlottewatson/Downloads/dashboard/.git/objects/maintenance.lock', is_directory=False>
DEBUG:fsevents:queue_event <DirModifiedEvent: event_type=modified, src_path='/Users/charlottewatson/Downloads/dashboard/.git/objects', is_directory=True>
DEBUG:fsevents:queue_event <FileDeletedEvent: event_type=deleted, src_path='/Users/charlottewatson/Downloads/dashboard/.git/objects/maintenance.lock', is_directory=False>
DEBUG:fsevents:queue_event <DirModifiedEvent: event_type=modified, src_path='/Users/charlottewatson/Downloads/dashboard/.git/objects', is_directory=True>
INFO:werkzeug:127.0.0.1 - - [01/Feb/2024 10:28:24] "GET / HTTP/1.1" 200 -
INFO:werkzeug:127.0.0.1 - - [01/Feb/2024 10:28:24] "[36mGET /static/styles.css HTTP/1.1[0m" 304 -
DEBUG:fsevents:NativeEvent(path="/Users/charlottewatson/Downloads/dashboard/.git/FETCH_HEAD", inode=17493357, flags=10400, id=19843822): is_file, is_inode_meta_mod
DEBUG:fsevents:queue_event <FileModifiedEvent: event_type=modified, src_path='/Users/charlottewatson/Downloads/dashboard/.git/FETCH_HEAD', is_directory=False>
DEBUG:fsevents:NativeEvent(path="/Users/charlottewatson/Downloads/dashboard/.git/FETCH_HEAD", inode=17493357, flags=11400, id=19844074): is_file, is_inode_meta_mod, is_modified
DEBUG:fsevents:queue_event <FileModifiedEvent: event_type=modified, src_path='/Users/charlottewatson/Downloads/dashboard/.git/FETCH_HEAD', is_directory=False>
DEBUG:fsevents:NativeEvent(path="/Users/charlottewatson/Downloads/dashboard/.git/objects/maintenance.lock", inode=17505897, flags=10300, id=19844080): is_coalesced, is_created, is_file, is_removed
DEBUG:fsevents:queue_event <FileCreatedEvent: event_type=created, src_path='/Users/charlottewatson/Downloads/dashboard/.git/objects/maintenance.lock', is_directory=False>
DEBUG:fsevents:queue_event <DirModifiedEvent: event_type=modified, src_path='/Users/charlottewatson/Downloads/dashboard/.git/objects', is_directory=True>
DEBUG:fsevents:queue_event <FileDeletedEvent: event_type=deleted, src_path='/Users/charlottewatson/Downloads/dashboard/.git/objects/maintenance.lock', is_directory=False>
DEBUG:fsevents:queue_event <DirModifiedEvent: event_type=modified, src_path='/Users/charlottewatson/Downloads/dashboard/.git/objects', is_directory=True>
DEBUG:fsevents:NativeEvent(path="/Users/charlottewatson/Downloads/dashboard/static/styles.css", inode=17493056, flags=10400, id=19844165): is_file, is_inode_meta_mod
DEBUG:fsevents:NativeEvent(path="/Users/charlottewatson/Downloads/dashboard/static/dashboard-script.js", inode=17504460, flags=10400, id=19844168): is_file, is_inode_meta_mod
DEBUG:fsevents:NativeEvent(path="/Users/charlottewatson/Downloads/dashboard/templates/index.html", inode=17486879, flags=10400, id=19844174): is_file, is_inode_meta_mod
DEBUG:fsevents:queue_event <FileModifiedEvent: event_type=modified, src_path='/Users/charlottewatson/Downloads/dashboard/static/styles.css', is_directory=False>
DEBUG:fsevents:queue_event <FileModifiedEvent: event_type=modified, src_path='/Users/charlottewatson/Downloads/dashboard/static/dashboard-script.js', is_directory=False>
DEBUG:fsevents:queue_event <FileModifiedEvent: event_type=modified, src_path='/Users/charlottewatson/Downloads/dashboard/templates/index.html', is_directory=False>
DEBUG:fsevents:NativeEvent(path="/Users/charlottewatson/Downloads/dashboard/static/dashboard-script.js", inode=17504460, flags=11400, id=19844177): is_file, is_inode_meta_mod, is_modified
DEBUG:fsevents:queue_event <FileModifiedEvent: event_type=modified, src_path='/Users/charlottewatson/Downloads/dashboard/static/dashboard-script.js', is_directory=False>
DEBUG:fsevents:NativeEvent(path="/Users/charlottewatson/Downloads/dashboard/static/styles.css", inode=17493056, flags=11400, id=19844184): is_file, is_inode_meta_mod, is_modified
DEBUG:fsevents:queue_event <FileModifiedEvent: event_type=modified, src_path='/Users/charlottewatson/Downloads/dashboard/static/styles.css', is_directory=False>
DEBUG:fsevents:NativeEvent(path="/Users/charlottewatson/Downloads/dashboard/templates/index.html", inode=17486879, flags=11400, id=19844205): is_file, is_inode_meta_mod, is_modified
DEBUG:fsevents:queue_event <FileModifiedEvent: event_type=modified, src_path='/Users/charlottewatson/Downloads/dashboard/templates/index.html', is_directory=False>
DEBUG:fsevents:NativeEvent(path="/Users/charlottewatson/Downloads/dashboard/.git/index.lock", inode=17505906, flags=10100, id=19844246): is_created, is_file
DEBUG:fsevents:queue_event <FileCreatedEvent: event_type=created, src_path='/Users/charlottewatson/Downloads/dashboard/.git/index.lock', is_directory=False>
DEBUG:fsevents:queue_event <DirModifiedEvent: event_type=modified, src_path='/Users/charlottewatson/Downloads/dashboard/.git', is_directory=True>
